18886.152078
18609.810314
19159.770907
22595.971287
17115.337159
16315.777064
20476.326961
19652.364954
17966.458289
23425.836473
20332.345935
13146.245641
14981.267878
14017.108955
20711.588692
14437.200177
15712.720907
16803.875393
24096.241076
19935.500933
13071.387090
21998.146145
21148.242726
16670.639725
18010.225271
18817.472049
21534.097978
14328.014812
24642.759285
14147.466147
15545.285788
18252.137162
24420.456745
19458.247180
22706.522580
24994.259480
15224.555227
22506.739676
22919.297344
24953.151729
13604.205782
13610.109150
12979.453358
21171.237709
24808.456649
21715.205005
23274.439508
13836.687696
16409.513833
20920.246989
16339.456498
24150.308009
18392.978384
22869.970718
20628.500685
12663.400053
17411.974203
16742.830326
19114.517422
15461.905951
20310.325627
19718.625741
22609.744082
13923.097783
22000.278645
24645.426693
18802.068233
21601.779263
14504.636829
12703.566533
19226.266791
21409.554791
15383.698050
23049.062335
17158.277098
17033.658292
19197.259675
20061.501923
21308.795380
14568.382811
14669.028177
15078.589930
17898.118276
20722.401411
14592.595968
18040.119372
18115.589352
18118.165328
12980.366105
19411.651617
19969.715572
13398.010437
15364.777172
18241.872522
23042.514337
12910.855248
18879.621066
23662.209509
24425.281941
0.999980
