3520
48160
520
11088
2280
14784
8200
2736
5888
4400
816
1248
26600
7384
2160
92
14976
18720
21672
23048
11152
1032
35784
11152
544
15360
3120
6864
1040
30184
1464
18240
11280
3944
51200
248
720
37128
4800
43648
6600
57600
11968
664
4224
7616
4136
31648
36432
50512
11648
20128
32400
21824
37632
162
25760
6160
12376
16512
26240
4928
18576
3920
1728
42944
102
1104
13872
11520
29808
1632
16072
51744
29928
8208
11856
21280
1120
4416
16520
52480
58656
19136
27144
1968
17024
15120
504
54880
2400
1888
58776
160
840
11592
632
10080
11392
1
